<?xml version="1.0" encoding="utf-8" standalone="no"?>
<test-run id="2" testcasecount="53" result="Failed" total="53" passed="43" failed="10" inconclusive="0" skipped="0" asserts="103" engine-version="3.10.0.0" clr-version="4.0.30319.42000" start-time="2019-05-14 14:49:31Z" end-time="2019-05-14 14:53:36Z" duration="245.475487">
  <command-line><![CDATA[nunit3-console  E:\Users\MYCOM\EasyPayLibrary\EasyPayTests\bin\Debug\EasyPayTests.dll --params:browser=Chrome --result:E:\Users\MYCOM\EasyPayLibrary\EasyPayTests\Test_Execution_Reports\\result.xml]]></command-line>
  <test-suite type="Assembly" id="0-1061" name="EasyPayTests.dll" fullname="EasyPayTests.dll" runstate="Runnable" testcasecount="53" result="Failed" site="Child" start-time="2019-05-14 14:49:31Z" end-time="2019-05-14 14:53:36Z" duration="244.815824" total="53" passed="43" failed="10" warnings="0" inconclusive="0" skipped="0" asserts="103">
    <environment framework-version="3.11.0.0" clr-version="4.0.30319.42000" os-version="Microsoft Windows NT 10.0.17134.0" platform="Win32NT" cwd="E:\Users\MYCOM\EasyPayLibrary\packages\NUnit.ConsoleRunner.3.10.0\tools" machine-name="DESKTOP-NR6BQM8" user="MYCOMP" user-domain="DESKTOP-NR6BQM8" culture="ru-UA" uiculture="ru-RU" os-architecture="x64" />
    <settings>
      <setting name="DisposeRunners" value="True" />
      <setting name="WorkDirectory" value="E:\Users\MYCOM\EasyPayLibrary\packages\NUnit.ConsoleRunner.3.10.0\tools" />
      <setting name="TestParametersDictionary" value="[browser, Chrome]">
        <item key="browser" value="Chrome" />
      </setting>
      <setting name="TestParameters" value="browser=Chrome" />
      <setting name="ImageRuntimeVersion" value="4.0.30319" />
      <setting name="ImageTargetFrameworkName" value=".NETFramework,Version=v4.6.1" />
      <setting name="ImageRequiresX86" value="False" />
      <setting name="ImageRequiresDefaultAppDomainAssemblyResolver" value="False" />
      <setting name="NumberOfTestWorkers" value="4" />
    </settings>
    <properties>
      <property name="_PID" value="14524" />
      <property name="_APPDOMAIN" value="domain-" />
    </properties>
    <failure>
      <message><![CDATA[One or more child tests had errors]]></message>
    </failure>
    <test-suite type="TestSuite" id="0-1062" name="EasyPayTests" fullname="EasyPayTests" runstate="Runnable" testcasecount="53" result="Failed" site="Child" start-time="2019-05-14 14:49:31Z" end-time="2019-05-14 14:53:36Z" duration="244.794102" total="53" passed="43" failed="10" warnings="0" inconclusive="0" skipped="0" asserts="103">
      <failure>
        <message><![CDATA[One or more child tests had errors]]></message>
      </failure>
      <test-suite type="TestFixture" id="0-1000" name="Admin" fullname="EasyPayTests.Admin" classname="EasyPayTests.Admin" runstate="Runnable" testcasecount="7" result="Passed" start-time="2019-05-14 14:49:31Z" end-time="2019-05-14 14:51:18Z" duration="106.295844" total="7" passed="7" failed="0" warnings="0" inconclusive="0" skipped="0" asserts="8">
        <properties>
          <property name="ParallelScope" value="Self, Fixtures" />
        </properties>
        <test-case id="0-1007" name="IsUserSignedUp" fullname="EasyPayTests.Admin.IsUserSignedUp" methodname="IsUserSignedUp" classname="EasyPayTests.Admin" runstate="Runnable" seed="1675802791" result="Passed" start-time="2019-05-14 14:49:32Z" end-time="2019-05-14 14:49:47Z" duration="15.777368" asserts="1" />
        <test-case id="0-1001" name="LoginAsAdminWithValidData" fullname="EasyPayTests.Admin.LoginAsAdminWithValidData" methodname="LoginAsAdminWithValidData" classname="EasyPayTests.Admin" runstate="Runnable" seed="1400156728" result="Passed" start-time="2019-05-14 14:49:47Z" end-time="2019-05-14 14:50:04Z" duration="16.502724" asserts="1" />
        <test-case id="0-1004" name="VerifyThatAdminCanChangeRole" fullname="EasyPayTests.Admin.VerifyThatAdminCanChangeRole" methodname="VerifyThatAdminCanChangeRole" classname="EasyPayTests.Admin" runstate="Runnable" seed="349413311" result="Passed" start-time="2019-05-14 14:50:04Z" end-time="2019-05-14 14:50:17Z" duration="13.246381" asserts="1" />
        <test-case id="0-1002" name="VerifyThatAdminHasAbilityToAccessHisProfile" fullname="EasyPayTests.Admin.VerifyThatAdminHasAbilityToAccessHisProfile" methodname="VerifyThatAdminHasAbilityToAccessHisProfile" classname="EasyPayTests.Admin" runstate="Runnable" seed="2111161047" result="Passed" start-time="2019-05-14 14:50:17Z" end-time="2019-05-14 14:50:28Z" duration="11.081406" asserts="1" />
        <test-case id="0-1003" name="VerifyThatAdminHasAbilityToCheckHisProfile" fullname="EasyPayTests.Admin.VerifyThatAdminHasAbilityToCheckHisProfile" methodname="VerifyThatAdminHasAbilityToCheckHisProfile" classname="EasyPayTests.Admin" runstate="Runnable" seed="746476832" result="Passed" start-time="2019-05-14 14:50:28Z" end-time="2019-05-14 14:50:45Z" duration="17.210298" asserts="2" />
        <test-case id="0-1005" name="VerifyThatListOfUsersIsVisibleForAdmin" fullname="EasyPayTests.Admin.VerifyThatListOfUsersIsVisibleForAdmin" methodname="VerifyThatListOfUsersIsVisibleForAdmin" classname="EasyPayTests.Admin" runstate="Runnable" seed="390447493" result="Passed" start-time="2019-05-14 14:50:45Z" end-time="2019-05-14 14:50:58Z" duration="12.856331" asserts="1" />
        <test-case id="0-1006" name="VerifyThatListOfUtilitiesIsVisibleForAdmin" fullname="EasyPayTests.Admin.VerifyThatListOfUtilitiesIsVisibleForAdmin" methodname="VerifyThatListOfUtilitiesIsVisibleForAdmin" classname="EasyPayTests.Admin" runstate="Runnable" seed="800812569" result="Passed" start-time="2019-05-14 14:50:58Z" end-time="2019-05-14 14:51:11Z" duration="12.827665" asserts="1" />
      </test-suite>
      <test-suite type="TestFixture" id="0-1016" name="Inspector" fullname="EasyPayTests.Inspector" classname="EasyPayTests.Inspector" runstate="Runnable" testcasecount="8" result="Passed" start-time="2019-05-14 14:49:31Z" end-time="2019-05-14 14:51:27Z" duration="115.244175" total="8" passed="8" failed="0" warnings="0" inconclusive="0" skipped="0" asserts="40">
        <properties>
          <property name="ParallelScope" value="Self, Fixtures" />
        </properties>
        <test-case id="0-1020" name="AbleActivateOrDeactivateMetrix" fullname="EasyPayTests.Inspector.AbleActivateOrDeactivateMetrix" methodname="AbleActivateOrDeactivateMetrix" classname="EasyPayTests.Inspector" runstate="Runnable" seed="1499117386" result="Passed" start-time="2019-05-14 14:49:32Z" end-time="2019-05-14 14:49:50Z" duration="18.753064" asserts="1" />
        <test-case id="0-1021" name="AbleFixedOrUnfixedMetrix" fullname="EasyPayTests.Inspector.AbleFixedOrUnfixedMetrix" methodname="AbleFixedOrUnfixedMetrix" classname="EasyPayTests.Inspector" runstate="Runnable" seed="1188599017" result="Passed" start-time="2019-05-14 14:49:50Z" end-time="2019-05-14 14:50:06Z" duration="15.674147" asserts="1" />
        <test-case id="0-1022" name="AbleSetNewValueMetrix" fullname="EasyPayTests.Inspector.AbleSetNewValueMetrix" methodname="AbleSetNewValueMetrix" classname="EasyPayTests.Inspector" runstate="Runnable" seed="2025873490" result="Passed" start-time="2019-05-14 14:50:06Z" end-time="2019-05-14 14:50:28Z" duration="21.840278" asserts="1" />
        <test-case id="0-1019" name="AccessListAddresses" fullname="EasyPayTests.Inspector.AccessListAddresses" methodname="AccessListAddresses" classname="EasyPayTests.Inspector" runstate="Runnable" seed="1772810414" result="Passed" start-time="2019-05-14 14:50:28Z" end-time="2019-05-14 14:50:45Z" duration="17.386026" asserts="33" />
        <test-case id="0-1023" name="ListOfClientsAble" fullname="EasyPayTests.Inspector.ListOfClientsAble" methodname="ListOfClientsAble" classname="EasyPayTests.Inspector" runstate="Runnable" seed="519005717" result="Passed" start-time="2019-05-14 14:50:45Z" end-time="2019-05-14 14:50:58Z" duration="12.514606" asserts="1" />
        <test-case id="0-1024" name="RateClients" fullname="EasyPayTests.Inspector.RateClients" methodname="RateClients" classname="EasyPayTests.Inspector" runstate="Runnable" seed="1232241783" result="Passed" start-time="2019-05-14 14:50:58Z" end-time="2019-05-14 14:51:09Z" duration="10.848041" asserts="1" />
        <test-case id="0-1018" name="ScheduleAvailable" fullname="EasyPayTests.Inspector.ScheduleAvailable" methodname="ScheduleAvailable" classname="EasyPayTests.Inspector" runstate="Runnable" seed="1208411341" result="Passed" start-time="2019-05-14 14:51:09Z" end-time="2019-05-14 14:51:19Z" duration="10.389830" asserts="1" />
        <test-case id="0-1017" name="SignInInspectorCorrect" fullname="EasyPayTests.Inspector.SignInInspectorCorrect" methodname="SignInInspectorCorrect" classname="EasyPayTests.Inspector" runstate="Runnable" seed="358223697" result="Passed" start-time="2019-05-14 14:51:19Z" end-time="2019-05-14 14:51:26Z" duration="7.551797" asserts="1" />
      </test-suite>
      <test-suite type="TestFixture" id="0-1008" name="CriticalTests" fullname="EasyPayTests.CriticalTests" classname="EasyPayTests.CriticalTests" runstate="Runnable" testcasecount="6" result="Failed" site="Child" start-time="2019-05-14 14:49:31Z" end-time="2019-05-14 14:51:52Z" duration="141.093288" total="6" passed="0" failed="6" warnings="0" inconclusive="0" skipped="0" asserts="6">
        <properties>
          <property name="ParallelScope" value="Self, Fixtures" />
        </properties>
        <failure>
          <message><![CDATA[One or more child tests had errors]]></message>
        </failure>
        <test-case id="0-1010" name="AddAddresses" fullname="EasyPayTests.CriticalTests.AddAddresses" methodname="AddAddresses" classname="EasyPayTests.CriticalTests" runstate="Runnable" seed="1665538736" result="Failed" start-time="2019-05-14 14:49:32Z" end-time="2019-05-14 14:49:50Z" duration="18.733339" asserts="1">
          <failure>
            <message><![CDATA[  Address is not added
  Expected: null
  But was:  "Login Failed
HTTP Status 500 – Internal Server Error
Type Exception Report
Message Request processing failed; nested exception is javax.validation.ValidationException: HV000032: Unable to initialize org.hibernate.validator.internal.constraintvalidators.bv.PatternValidator.
Description The server encountered an unexpected condition that prevented it from fulfilling the request.
Exception
org.springframework.web.util.NestedServletException: Request processing failed; nested exception is javax.validation.ValidationException: HV000032: Unable to initialize org.hibernate.validator.internal.constraintvalidators.bv.PatternValidator.
 org.springframework.web.servlet.FrameworkServlet.processRequest(FrameworkServlet.java:982)
 org.springframework.web.servlet.FrameworkServlet.doPost(FrameworkServlet.java:877)
 javax.servlet.http.HttpServlet.service(HttpServlet.java:660)
 org.springframework.web.servlet.FrameworkServlet.service(FrameworkServlet.java:851)
 javax.servlet.http.HttpServlet.service(HttpServlet.java:741)
 org.apache.tomcat.websocket.server.WsFilter.doFilter(WsFilter.java:53)
 org.springframework.security.web.FilterChainProxy$VirtualFilterChain.doFilter(FilterChainProxy.java:320)
 org.springframework.security.web.access.intercept.FilterSecurityInterceptor.invoke(FilterSecurityInterceptor.java:127)
 org.springframework.security.web.access.intercept.FilterSecurityInterceptor.doFilter(FilterSecurityInterceptor.java:91)
 org.springframework.security.web.FilterChainProxy$VirtualFilterChain.doFilter(FilterChainProxy.java:334)
 org.springframework.security.web.access.ExceptionTranslationFilter.doFilter(ExceptionTranslationFilter.java:119)
 org.springframework.security.web.FilterChainProxy$VirtualFilterChain.doFilter(FilterChainProxy.java:334)
 org.springframework.security.web.session.SessionManagementFilter.doFilter(SessionManagementFilter.java:137)
 org.springframework.security.web.FilterChainProxy$VirtualFilterChain.doFilter(FilterChainProxy.java:334)
 org.springframework.security.web.authentication.AnonymousAuthenticationFilter.doFilter(AnonymousAuthenticationFilter.java:111)
 org.springframework.security.web.FilterChainProxy$VirtualFilterChain.doFilter(FilterChainProxy.java:334)
 org.springframework.security.web.servletapi.SecurityContextHolderAwareRequestFilter.doFilter(SecurityContextHolderAwareRequestFilter.java:170)
 org.springframework.security.web.FilterChainProxy$VirtualFilterChain.doFilter(FilterChainProxy.java:334)
 org.springframework.security.web.savedrequest.RequestCacheAwareFilter.doFilter(RequestCacheAwareFilter.java:63)
 org.springframework.security.web.FilterChainProxy$VirtualFilterChain.doFilter(FilterChainProxy.java:334)
 org.springframework.security.web.authentication.AbstractAuthenticationProcessingFilter.doFilter(AbstractAuthenticationProcessingFilter.java:200)
 org.springframework.security.web.FilterChainProxy$VirtualFilterChain.doFilter(FilterChainProxy.java:334)
 org.springframework.security.web.authentication.AbstractAuthenticationProcessingFilter.doFilter(AbstractAuthenticationProcessingFilter.java:200)
 org.springframework.security.web.FilterChainProxy$VirtualFilterChain.doFilter(FilterChainProxy.java:334)
 org.springframework.security.oauth2.client.web.OAuth2AuthorizationRequestRedirectFilter.doFilterInternal(OAuth2AuthorizationRequestRedirectFilter.java:128)
 org.springframework.web.filter.OncePerRequestFilter.doFilter(OncePerRequestFilter.java:107)
 org.springframework.security.web.FilterChainProxy$VirtualFilterChain.doFilter(FilterChainProxy.java:334)
 org.springframework.security.web.authentication.logout.LogoutFilter.doFilter(LogoutFilter.java:116)
 org.springframework.security.web.FilterChainProxy$VirtualFilterChain.doFilter(FilterChainProxy.java:334)
 org.springframework.security.web.header.HeaderWriterFilter.doFilterInternal(HeaderWriterFilter.java:66)
 org.springframework.web.filter.OncePerRequestFilter.doFilter(OncePerRequestFilter.java:107)
 org.springframework.security.web.FilterChainProxy$VirtualFilterChain.doFilter(FilterChainProxy.java:334)
 org.springframework.security.web.context.SecurityContextPersistenceFilter.doFilter(SecurityContextPersistenceFilter.java:105)
 org.springframework.security.web.FilterChainProxy$VirtualFilterChain.doFilter(FilterChainProxy.java:334)
 org.springframework.security.web.context.request.async.WebAsyncManagerIntegrationFilter.doFilterInternal(WebAsyncManagerIntegrationFilter.java:56)
 org.springframework.web.filter.OncePerRequestFilter.doFilter(OncePerRequestFilter.java:107)
 org.springframework.security.web.FilterChainProxy$VirtualFilterChain.doFilter(FilterChainProxy.java:334)
 org.springframework.security.web.FilterChainProxy.doFilterInternal(FilterChainProxy.java:215)
 org.springframework.security.web.FilterChainProxy.doFilter(FilterChainProxy.java:178)
 org.springframework.web.filter.DelegatingFilterProxy.invokeDelegate(DelegatingFilterProxy.java:357)
 org.springframework.web.filter.DelegatingFilterProxy.doFilter(DelegatingFilterProxy.java:270)"
]]></message>
            <stack-trace><![CDATA[   в EasyPayTests.CriticalTests.AddAddresses() в E:\Users\MYCOM\EasyPayLibrary\EasyPayTests\CriticalTests.cs:строка 37
]]></stack-trace>
          </failure>
          <assertions>
            <assertion result="Failed">
              <message><![CDATA[  Address is not added
  Expected: null
  But was:  "Login Failed
HTTP Status 500 – Internal Server Error
Type Exception Report
Message Request processing failed; nested exception is javax.validation.ValidationException: HV000032: Unable to initialize org.hibernate.validator.internal.constraintvalidators.bv.PatternValidator.
Description The server encountered an unexpected condition that prevented it from fulfilling the request.
Exception
org.springframework.web.util.NestedServletException: Request processing failed; nested exception is javax.validation.ValidationException: HV000032: Unable to initialize org.hibernate.validator.internal.constraintvalidators.bv.PatternValidator.
 org.springframework.web.servlet.FrameworkServlet.processRequest(FrameworkServlet.java:982)
 org.springframework.web.servlet.FrameworkServlet.doPost(FrameworkServlet.java:877)
 javax.servlet.http.HttpServlet.service(HttpServlet.java:660)
 org.springframework.web.servlet.FrameworkServlet.service(FrameworkServlet.java:851)
 javax.servlet.http.HttpServlet.service(HttpServlet.java:741)
 org.apache.tomcat.websocket.server.WsFilter.doFilter(WsFilter.java:53)
 org.springframework.security.web.FilterChainProxy$VirtualFilterChain.doFilter(FilterChainProxy.java:320)
 org.springframework.security.web.access.intercept.FilterSecurityInterceptor.invoke(FilterSecurityInterceptor.java:127)
 org.springframework.security.web.access.intercept.FilterSecurityInterceptor.doFilter(FilterSecurityInterceptor.java:91)
 org.springframework.security.web.FilterChainProxy$VirtualFilterChain.doFilter(FilterChainProxy.java:334)
 org.springframework.security.web.access.ExceptionTranslationFilter.doFilter(ExceptionTranslationFilter.java:119)
 org.springframework.security.web.FilterChainProxy$VirtualFilterChain.doFilter(FilterChainProxy.java:334)
 org.springframework.security.web.session.SessionManagementFilter.doFilter(SessionManagementFilter.java:137)
 org.springframework.security.web.FilterChainProxy$VirtualFilterChain.doFilter(FilterChainProxy.java:334)
 org.springframework.security.web.authentication.AnonymousAuthenticationFilter.doFilter(AnonymousAuthenticationFilter.java:111)
 org.springframework.security.web.FilterChainProxy$VirtualFilterChain.doFilter(FilterChainProxy.java:334)
 org.springframework.security.web.servletapi.SecurityContextHolderAwareRequestFilter.doFilter(SecurityContextHolderAwareRequestFilter.java:170)
 org.springframework.security.web.FilterChainProxy$VirtualFilterChain.doFilter(FilterChainProxy.java:334)
 org.springframework.security.web.savedrequest.RequestCacheAwareFilter.doFilter(RequestCacheAwareFilter.java:63)
 org.springframework.security.web.FilterChainProxy$VirtualFilterChain.doFilter(FilterChainProxy.java:334)
 org.springframework.security.web.authentication.AbstractAuthenticationProcessingFilter.doFilter(AbstractAuthenticationProcessingFilter.java:200)
 org.springframework.security.web.FilterChainProxy$VirtualFilterChain.doFilter(FilterChainProxy.java:334)
 org.springframework.security.web.authentication.AbstractAuthenticationProcessingFilter.doFilter(AbstractAuthenticationProcessingFilter.java:200)
 org.springframework.security.web.FilterChainProxy$VirtualFilterChain.doFilter(FilterChainProxy.java:334)
 org.springframework.security.oauth2.client.web.OAuth2AuthorizationRequestRedirectFilter.doFilterInternal(OAuth2AuthorizationRequestRedirectFilter.java:128)
 org.springframework.web.filter.OncePerRequestFilter.doFilter(OncePerRequestFilter.java:107)
 org.springframework.security.web.FilterChainProxy$VirtualFilterChain.doFilter(FilterChainProxy.java:334)
 org.springframework.security.web.authentication.logout.LogoutFilter.doFilter(LogoutFilter.java:116)
 org.springframework.security.web.FilterChainProxy$VirtualFilterChain.doFilter(FilterChainProxy.java:334)
 org.springframework.security.web.header.HeaderWriterFilter.doFilterInternal(HeaderWriterFilter.java:66)
 org.springframework.web.filter.OncePerRequestFilter.doFilter(OncePerRequestFilter.java:107)
 org.springframework.security.web.FilterChainProxy$VirtualFilterChain.doFilter(FilterChainProxy.java:334)
 org.springframework.security.web.context.SecurityContextPersistenceFilter.doFilter(SecurityContextPersistenceFilter.java:105)
 org.springframework.security.web.FilterChainProxy$VirtualFilterChain.doFilter(FilterChainProxy.java:334)
 org.springframework.security.web.context.request.async.WebAsyncManagerIntegrationFilter.doFilterInternal(WebAsyncManagerIntegrationFilter.java:56)
 org.springframework.web.filter.OncePerRequestFilter.doFilter(OncePerRequestFilter.java:107)
 org.springframework.security.web.FilterChainProxy$VirtualFilterChain.doFilter(FilterChainProxy.java:334)
 org.springframework.security.web.FilterChainProxy.doFilterInternal(FilterChainProxy.java:215)
 org.springframework.security.web.FilterChainProxy.doFilter(FilterChainProxy.java:178)
 org.springframework.web.filter.DelegatingFilterProxy.invokeDelegate(DelegatingFilterProxy.java:357)
 org.springframework.web.filter.DelegatingFilterProxy.doFilter(DelegatingFilterProxy.java:270)"
]]></message>
              <stack-trace><![CDATA[   в EasyPayTests.CriticalTests.AddAddresses() в E:\Users\MYCOM\EasyPayLibrary\EasyPayTests\CriticalTests.cs:строка 37
]]></stack-trace>
            </assertion>
          </assertions>
        </test-case>
        <test-case id="0-1011" name="CallInspectorForConcreteDate" fullname="EasyPayTests.CriticalTests.CallInspectorForConcreteDate" methodname="CallInspectorForConcreteDate" classname="EasyPayTests.CriticalTests" runstate="Runnable" seed="741227186" result="Failed" start-time="2019-05-14 14:49:50Z" end-time="2019-05-14 14:50:17Z" duration="26.736377" asserts="1">
          <failure>
            <message><![CDATA[  No address match
  Expected: not null
  But was:  null
]]></message>
            <stack-trace><![CDATA[   в EasyPayTests.CriticalTests.CallInspectorForConcreteDate() в E:\Users\MYCOM\EasyPayLibrary\EasyPayTests\CriticalTests.cs:строка 52
]]></stack-trace>
          </failure>
          <assertions>
            <assertion result="Failed">
              <message><![CDATA[  No address match
  Expected: not null
  But was:  null
]]></message>
              <stack-trace><![CDATA[   в EasyPayTests.CriticalTests.CallInspectorForConcreteDate() в E:\Users\MYCOM\EasyPayLibrary\EasyPayTests\CriticalTests.cs:строка 52
]]></stack-trace>
            </assertion>
          </assertions>
        </test-case>
        <test-case id="0-1012" name="IsPersonalInfoTranslationIsCorrect" fullname="EasyPayTests.CriticalTests.IsPersonalInfoTranslationIsCorrect" methodname="IsPersonalInfoTranslationIsCorrect" classname="EasyPayTests.CriticalTests" runstate="Runnable" seed="697646327" result="Failed" start-time="2019-05-14 14:50:17Z" end-time="2019-05-14 14:50:31Z" duration="14.208079" asserts="1">
          <failure>
            <message><![CDATA[  Wrong name translation
  String lengths are both 5. Strings differ at index 0.
  Expected: "Марія", ignoring case
  But was:  "Masha"
  -----------^
]]></message>
            <stack-trace><![CDATA[   в EasyPayTests.CriticalTests.IsPersonalInfoTranslationIsCorrect() в E:\Users\MYCOM\EasyPayLibrary\EasyPayTests\CriticalTests.cs:строка 65
]]></stack-trace>
          </failure>
          <assertions>
            <assertion result="Failed">
              <message><![CDATA[  Wrong name translation
  String lengths are both 5. Strings differ at index 0.
  Expected: "Марія", ignoring case
  But was:  "Masha"
  -----------^
]]></message>
              <stack-trace><![CDATA[   в EasyPayTests.CriticalTests.IsPersonalInfoTranslationIsCorrect() в E:\Users\MYCOM\EasyPayLibrary\EasyPayTests\CriticalTests.cs:строка 65
]]></stack-trace>
            </assertion>
          </assertions>
        </test-case>
        <test-case id="0-1013" name="NameCanContainUALetters" fullname="EasyPayTests.CriticalTests.NameCanContainUALetters" methodname="NameCanContainUALetters" classname="EasyPayTests.CriticalTests" runstate="Runnable" seed="1669081228" result="Failed" start-time="2019-05-14 14:50:31Z" end-time="2019-05-14 14:50:45Z" duration="14.217233" asserts="1">
          <failure>
            <message><![CDATA[  error alert isn't displayed
  Expected: False
  But was:  True
]]></message>
            <stack-trace><![CDATA[   в EasyPayTests.CriticalTests.NameCanContainUALetters() в E:\Users\MYCOM\EasyPayLibrary\EasyPayTests\CriticalTests.cs:строка 79
]]></stack-trace>
          </failure>
          <assertions>
            <assertion result="Failed">
              <message><![CDATA[  error alert isn't displayed
  Expected: False
  But was:  True
]]></message>
              <stack-trace><![CDATA[   в EasyPayTests.CriticalTests.NameCanContainUALetters() в E:\Users\MYCOM\EasyPayLibrary\EasyPayTests\CriticalTests.cs:строка 79
]]></stack-trace>
            </assertion>
          </assertions>
        </test-case>
        <test-suite type="ParameterizedMethod" id="0-1015" name="PayAndCheckOneInPaymentHistory" fullname="EasyPayTests.CriticalTests.PayAndCheckOneInPaymentHistory" classname="EasyPayTests.CriticalTests" runstate="Runnable" testcasecount="1" result="Failed" site="Child" start-time="2019-05-14 14:50:45Z" end-time="2019-05-14 14:51:39Z" duration="54.042226" total="1" passed="0" failed="1" warnings="0" inconclusive="0" skipped="0" asserts="1">
          <failure>
            <message><![CDATA[One or more child tests had errors]]></message>
          </failure>
          <test-case id="0-1014" name="PayAndCheckOneInPaymentHistory(&quot;user1@gmail.com&quot;,12.4f,&quot;4242424242424242&quot;,&quot;012020&quot;,&quot;434&quot;,&quot;58004&quot;,&quot;Чернівецька область&quot;,&quot;Чернівці&quot;,&quot;вулиця Сковороди 43/65&quot;,&quot;Pat \&quot;Chernivtsihaz\&quot;&quot;)" fullname="EasyPayTests.CriticalTests.PayAndCheckOneInPaymentHistory(&quot;user1@gmail.com&quot;,12.4f,&quot;4242424242424242&quot;,&quot;012020&quot;,&quot;434&quot;,&quot;58004&quot;,&quot;Чернівецька область&quot;,&quot;Чернівці&quot;,&quot;вулиця Сковороди 43/65&quot;,&quot;Pat \&quot;Chernivtsihaz\&quot;&quot;)" methodname="PayAndCheckOneInPaymentHistory" classname="EasyPayTests.CriticalTests" runstate="Runnable" seed="1348970982" result="Failed" label="Error" start-time="2019-05-14 14:50:45Z" end-time="2019-05-14 14:51:39Z" duration="54.041354" asserts="1">
            <failure>
              <message><![CDATA[OpenQA.Selenium.WebDriverTimeoutException : Timed out after 20 seconds]]></message>
              <stack-trace><![CDATA[   в OpenQA.Selenium.Support.UI.DefaultWait`1.ThrowTimeoutException(String exceptionMessage, Exception lastException)
   в OpenQA.Selenium.Support.UI.DefaultWait`1.Until[TResult](Func`2 condition)
   в EasyPayLibrary.DriverWrapper.WaitUntillUrlContainString(String str, Int32 timeInSec) в E:\Users\MYCOM\EasyPayLibrary\EasyPayLibrary\Wrappers\DriverWrapper.cs:строка 115
   в EasyPayLibrary.PaymentFrame.Pay(String email, String cardNumber, String dateOfCard, String cvc, String zipCode) в E:\Users\MYCOM\EasyPayLibrary\EasyPayLibrary\UserSidebar\PaymentPage\PaymentFrame.cs:строка 70
   в EasyPayTests.CriticalTests.PayAndCheckOneInPaymentHistory(String userEmail, Single sumToPay, String cardNumber, String dateOfCard, String cvc, String zipCode, String region, String city, String street, String utility) в E:\Users\MYCOM\EasyPayLibrary\EasyPayTests\CriticalTests.cs:строка 106]]></stack-trace>
            </failure>
          </test-case>
        </test-suite>
        <test-case id="0-1009" name="VerifyThatAdminCanEditManager" fullname="EasyPayTests.CriticalTests.VerifyThatAdminCanEditManager" methodname="VerifyThatAdminCanEditManager" classname="EasyPayTests.CriticalTests" runstate="Runnable" seed="1443746778" result="Failed" start-time="2019-05-14 14:51:39Z" end-time="2019-05-14 14:51:52Z" duration="12.845588" asserts="1">
          <failure>
            <message><![CDATA[  Viktoriya Radashko isn't assigned as manager
  String lengths are both 18. Strings differ at index 6.
  Expected: "Viktoriya Radashko"
  But was:  "Viktor Volchinskiy"
  -----------------^
]]></message>
            <stack-trace><![CDATA[   в EasyPayTests.CriticalTests.VerifyThatAdminCanEditManager() в E:\Users\MYCOM\EasyPayLibrary\EasyPayTests\CriticalTests.cs:строка 26
]]></stack-trace>
          </failure>
          <assertions>
            <assertion result="Failed">
              <message><![CDATA[  Viktoriya Radashko isn't assigned as manager
  String lengths are both 18. Strings differ at index 6.
  Expected: "Viktoriya Radashko"
  But was:  "Viktor Volchinskiy"
  -----------------^
]]></message>
              <stack-trace><![CDATA[   в EasyPayTests.CriticalTests.VerifyThatAdminCanEditManager() в E:\Users\MYCOM\EasyPayLibrary\EasyPayTests\CriticalTests.cs:строка 26
]]></stack-trace>
            </assertion>
          </assertions>
        </test-case>
      </test-suite>
      <test-suite type="TestFixture" id="0-1054" name="UnauthorizedUserTest" fullname="EasyPayTests.UnauthorizedUserTest" classname="EasyPayTests.UnauthorizedUserTest" runstate="Runnable" testcasecount="5" result="Failed" site="Child" start-time="2019-05-14 14:51:18Z" end-time="2019-05-14 14:52:22Z" duration="64.361063" total="5" passed="4" failed="1" warnings="0" inconclusive="0" skipped="0" asserts="5">
        <properties>
          <property name="ParallelScope" value="Self, Fixtures" />
        </properties>
        <failure>
          <message><![CDATA[One or more child tests had errors]]></message>
        </failure>
        <test-suite type="ParameterizedMethod" id="0-1056" name="CreateAccount" fullname="EasyPayTests.UnauthorizedUserTest.CreateAccount" classname="EasyPayTests.UnauthorizedUserTest" runstate="Runnable" testcasecount="1" result="Failed" site="Child" start-time="2019-05-14 14:51:18Z" end-time="2019-05-14 14:51:39Z" duration="21.717498" total="1" passed="0" failed="1" warnings="0" inconclusive="0" skipped="0" asserts="0">
          <failure>
            <message><![CDATA[One or more child tests had errors]]></message>
          </failure>
          <test-case id="0-1055" name="CreateAccount(&quot;Name&quot;,&quot;Surname&quot;,&quot;+380123456789&quot;,&quot;gangstatester@gmail.com&quot;,&quot;Fakesoft15&quot;)" fullname="EasyPayTests.UnauthorizedUserTest.CreateAccount(&quot;Name&quot;,&quot;Surname&quot;,&quot;+380123456789&quot;,&quot;gangstatester@gmail.com&quot;,&quot;Fakesoft15&quot;)" methodname="CreateAccount" classname="EasyPayTests.UnauthorizedUserTest" runstate="Runnable" seed="19807585" result="Failed" label="Error" start-time="2019-05-14 14:51:18Z" end-time="2019-05-14 14:51:39Z" duration="21.716870" asserts="0">
            <failure>
              <message><![CDATA[OpenQA.Selenium.WebDriverTimeoutException : Timed out after 10 seconds]]></message>
              <stack-trace><![CDATA[   в OpenQA.Selenium.Support.UI.DefaultWait`1.ThrowTimeoutException(String exceptionMessage, Exception lastException)
   в OpenQA.Selenium.Support.UI.DefaultWait`1.Until[TResult](Func`2 condition)
   в EasyPayLibrary.DriverWrapper.GetByXpath(String xpath, Int32 timeoutInSeconds) в E:\Users\MYCOM\EasyPayLibrary\EasyPayLibrary\Wrappers\DriverWrapper.cs:строка 45
   в EasyPayLibrary.Pages.UnauthorizedUserPages.RedirectModalWindow.ClickOnRedirectButton(DriverWrapper driver, Int32 timeoutInSec) в E:\Users\MYCOM\EasyPayLibrary\EasyPayLibrary\Login\RedirectModalWindow.cs:строка 13
   в EasyPayLibrary.Pages.Common.RegisterPage.Register(String name, String surName, String phoneNumber, String email, String password) в E:\Users\MYCOM\EasyPayLibrary\EasyPayLibrary\Login\RegisterPage.cs:строка 85
   в EasyPayTests.UnauthorizedUserTest.CreateAccount(String name, String surname, String phoneNumber, String email, String password) в E:\Users\MYCOM\EasyPayLibrary\EasyPayTests\UnauthorizedUserTest.cs:строка 22]]></stack-trace>
            </failure>
          </test-case>
        </test-suite>
        <test-case id="0-1058" name="Localization" fullname="EasyPayTests.UnauthorizedUserTest.Localization" methodname="Localization" classname="EasyPayTests.UnauthorizedUserTest" runstate="Runnable" seed="863218733" result="Passed" start-time="2019-05-14 14:51:39Z" end-time="2019-05-14 14:51:52Z" duration="12.803589" asserts="2" />
        <test-case id="0-1059" name="LoginAsAdminWithNonValidData" fullname="EasyPayTests.UnauthorizedUserTest.LoginAsAdminWithNonValidData" methodname="LoginAsAdminWithNonValidData" classname="EasyPayTests.UnauthorizedUserTest" runstate="Runnable" seed="1967656102" result="Passed" start-time="2019-05-14 14:51:52Z" end-time="2019-05-14 14:52:02Z" duration="9.903782" asserts="1" />
        <test-case id="0-1057" name="SignInInspectorIncorrect" fullname="EasyPayTests.UnauthorizedUserTest.SignInInspectorIncorrect" methodname="SignInInspectorIncorrect" classname="EasyPayTests.UnauthorizedUserTest" runstate="Runnable" seed="1979282949" result="Passed" start-time="2019-05-14 14:52:02Z" end-time="2019-05-14 14:52:12Z" duration="10.309977" asserts="1" />
        <test-case id="0-1060" name="UserIsUnableToLoginNonValidData" fullname="EasyPayTests.UnauthorizedUserTest.UserIsUnableToLoginNonValidData" methodname="UserIsUnableToLoginNonValidData" classname="EasyPayTests.UnauthorizedUserTest" runstate="Runnable" seed="1118526691" result="Passed" start-time="2019-05-14 14:52:12Z" end-time="2019-05-14 14:52:22Z" duration="9.574473" asserts="1" />
      </test-suite>
      <test-suite type="TestFixture" id="0-1025" name="Manager" fullname="EasyPayTests.Manager" classname="EasyPayTests.Manager" runstate="Runnable" testcasecount="14" result="Failed" site="Child" start-time="2019-05-14 14:49:31Z" end-time="2019-05-14 14:53:02Z" duration="210.261691" total="14" passed="13" failed="1" warnings="0" inconclusive="0" skipped="0" asserts="16">
        <properties>
          <property name="ParallelScope" value="Self, Fixtures" />
        </properties>
        <failure>
          <message><![CDATA[One or more child tests had errors]]></message>
        </failure>
        <test-case id="0-1032" name="AddInspector" fullname="EasyPayTests.Manager.AddInspector" methodname="AddInspector" classname="EasyPayTests.Manager" runstate="Runnable" seed="2012967951" result="Passed" start-time="2019-05-14 14:49:32Z" end-time="2019-05-14 14:49:47Z" duration="15.316702" asserts="1" />
        <test-case id="0-1027" name="AddTasksToInspectorsSchedule" fullname="EasyPayTests.Manager.AddTasksToInspectorsSchedule" methodname="AddTasksToInspectorsSchedule" classname="EasyPayTests.Manager" runstate="Runnable" seed="236999879" result="Passed" start-time="2019-05-14 14:49:47Z" end-time="2019-05-14 14:50:11Z" duration="23.975215" asserts="1" />
        <test-case id="0-1029" name="DeleteTasksFromInspectorsSchedule" fullname="EasyPayTests.Manager.DeleteTasksFromInspectorsSchedule" methodname="DeleteTasksFromInspectorsSchedule" classname="EasyPayTests.Manager" runstate="Runnable" seed="729690993" result="Passed" start-time="2019-05-14 14:50:11Z" end-time="2019-05-14 14:50:31Z" duration="20.375509" asserts="0" />
        <test-case id="0-1028" name="EditTasksToInspectorsSchedule" fullname="EasyPayTests.Manager.EditTasksToInspectorsSchedule" methodname="EditTasksToInspectorsSchedule" classname="EasyPayTests.Manager" runstate="Runnable" seed="638425091" result="Passed" start-time="2019-05-14 14:50:31Z" end-time="2019-05-14 14:51:01Z" duration="29.538109" asserts="1" />
        <test-case id="0-1030" name="NotAvailableToAddInspector" fullname="EasyPayTests.Manager.NotAvailableToAddInspector" methodname="NotAvailableToAddInspector" classname="EasyPayTests.Manager" runstate="Runnable" seed="180690776" result="Passed" start-time="2019-05-14 14:51:01Z" end-time="2019-05-14 14:51:17Z" duration="16.600293" asserts="1" />
        <test-case id="0-1031" name="RemoveInspector" fullname="EasyPayTests.Manager.RemoveInspector" methodname="RemoveInspector" classname="EasyPayTests.Manager" runstate="Runnable" seed="1342108169" result="Passed" start-time="2019-05-14 14:51:17Z" end-time="2019-05-14 14:51:28Z" duration="10.805644" asserts="0" />
        <test-case id="0-1026" name="ReviewInformation" fullname="EasyPayTests.Manager.ReviewInformation" methodname="ReviewInformation" classname="EasyPayTests.Manager" runstate="Runnable" seed="1636986242" result="Passed" start-time="2019-05-14 14:51:28Z" end-time="2019-05-14 14:51:39Z" duration="11.180078" asserts="1" />
        <test-case id="0-1034" name="SetFuturePrice" fullname="EasyPayTests.Manager.SetFuturePrice" methodname="SetFuturePrice" classname="EasyPayTests.Manager" runstate="Runnable" seed="1246765216" result="Passed" start-time="2019-05-14 14:51:39Z" end-time="2019-05-14 14:51:52Z" duration="12.818022" asserts="2" />
        <test-case id="0-1033" name="SetNewPrice" fullname="EasyPayTests.Manager.SetNewPrice" methodname="SetNewPrice" classname="EasyPayTests.Manager" runstate="Runnable" seed="643019144" result="Passed" start-time="2019-05-14 14:51:52Z" end-time="2019-05-14 14:52:02Z" duration="9.815067" asserts="1" />
        <test-case id="0-1039" name="VerifyCurrentPriceAndFuturePrice" fullname="EasyPayTests.Manager.VerifyCurrentPriceAndFuturePrice" methodname="VerifyCurrentPriceAndFuturePrice" classname="EasyPayTests.Manager" runstate="Runnable" seed="1601769324" result="Passed" start-time="2019-05-14 14:52:02Z" end-time="2019-05-14 14:52:14Z" duration="12.019573" asserts="2" />
        <test-case id="0-1037" name="VerifyHistoryIsVisible" fullname="EasyPayTests.Manager.VerifyHistoryIsVisible" methodname="VerifyHistoryIsVisible" classname="EasyPayTests.Manager" runstate="Runnable" seed="1148513031" result="Failed" start-time="2019-05-14 14:52:14Z" end-time="2019-05-14 14:52:30Z" duration="16.174379" asserts="1">
          <failure>
            <message><![CDATA[  Current month history is not visible
  Expected: True
  But was:  False
]]></message>
            <stack-trace><![CDATA[   в EasyPayTests.Manager.VerifyHistoryIsVisible() в E:\Users\MYCOM\EasyPayLibrary\EasyPayTests\Manager.cs:строка 182
]]></stack-trace>
          </failure>
          <assertions>
            <assertion result="Failed">
              <message><![CDATA[  Current month history is not visible
  Expected: True
  But was:  False
]]></message>
              <stack-trace><![CDATA[   в EasyPayTests.Manager.VerifyHistoryIsVisible() в E:\Users\MYCOM\EasyPayLibrary\EasyPayTests\Manager.cs:строка 182
]]></stack-trace>
            </assertion>
          </assertions>
        </test-case>
        <test-case id="0-1036" name="VerifyScheduleIsVisible" fullname="EasyPayTests.Manager.VerifyScheduleIsVisible" methodname="VerifyScheduleIsVisible" classname="EasyPayTests.Manager" runstate="Runnable" seed="685577460" result="Passed" start-time="2019-05-14 14:52:30Z" end-time="2019-05-14 14:52:44Z" duration="13.912060" asserts="1" />
        <test-case id="0-1038" name="VerifyStatisticsIsVisible" fullname="EasyPayTests.Manager.VerifyStatisticsIsVisible" methodname="VerifyStatisticsIsVisible" classname="EasyPayTests.Manager" runstate="Runnable" seed="1499922376" result="Passed" start-time="2019-05-14 14:52:44Z" end-time="2019-05-14 14:52:54Z" duration="10.300618" asserts="2" />
        <test-case id="0-1035" name="VerifyThatManagerHasAccesToAccount" fullname="EasyPayTests.Manager.VerifyThatManagerHasAccesToAccount" methodname="VerifyThatManagerHasAccesToAccount" classname="EasyPayTests.Manager" runstate="Runnable" seed="615089206" result="Passed" start-time="2019-05-14 14:52:54Z" end-time="2019-05-14 14:53:01Z" duration="7.120364" asserts="2" />
      </test-suite>
      <test-suite type="TestFixture" id="0-1040" name="User" fullname="EasyPayTests.User" classname="EasyPayTests.User" runstate="Runnable" testcasecount="13" result="Failed" site="Child" start-time="2019-05-14 14:51:27Z" end-time="2019-05-14 14:53:36Z" duration="129.543450" total="13" passed="11" failed="2" warnings="0" inconclusive="0" skipped="0" asserts="28">
        <properties>
          <property name="ParallelScope" value="Self, Fixtures" />
        </properties>
        <failure>
          <message><![CDATA[One or more child tests had errors]]></message>
        </failure>
        <test-case id="0-1051" name="ChangeMetrics" fullname="EasyPayTests.User.ChangeMetrics" methodname="ChangeMetrics" classname="EasyPayTests.User" runstate="Runnable" seed="1970794173" result="Passed" start-time="2019-05-14 14:51:27Z" end-time="2019-05-14 14:51:55Z" duration="28.528862" asserts="1" />
        <test-case id="0-1046" name="CheckTranslationOnHomeUsersPage" fullname="EasyPayTests.User.CheckTranslationOnHomeUsersPage" methodname="CheckTranslationOnHomeUsersPage" classname="EasyPayTests.User" runstate="Runnable" seed="549830209" result="Failed" start-time="2019-05-14 14:51:55Z" end-time="2019-05-14 14:52:05Z" duration="9.517404" asserts="8">
          <failure>
            <message><![CDATA[  Wrong xtitle translation
  Expected string length 12 but was 9. Strings differ at index 0.
  Expected: "Деякий текст", ignoring case
  But was:  "Some Text"
  -----------^
]]></message>
            <stack-trace><![CDATA[   в EasyPayTests.User.CheckTranslationOnHomeUsersPage() в E:\Users\MYCOM\EasyPayLibrary\EasyPayTests\User.cs:строка 97
]]></stack-trace>
          </failure>
          <assertions>
            <assertion result="Failed">
              <message><![CDATA[  Wrong xtitle translation
  Expected string length 12 but was 9. Strings differ at index 0.
  Expected: "Деякий текст", ignoring case
  But was:  "Some Text"
  -----------^
]]></message>
              <stack-trace><![CDATA[   в EasyPayTests.User.CheckTranslationOnHomeUsersPage() в E:\Users\MYCOM\EasyPayLibrary\EasyPayTests\User.cs:строка 97
]]></stack-trace>
            </assertion>
          </assertions>
        </test-case>
        <test-case id="0-1050" name="DisconnectUtilities" fullname="EasyPayTests.User.DisconnectUtilities" methodname="DisconnectUtilities" classname="EasyPayTests.User" runstate="Runnable" seed="1401781339" result="Failed" label="Error" start-time="2019-05-14 14:52:05Z" end-time="2019-05-14 14:52:19Z" duration="14.920331" asserts="0">
          <failure>
            <message><![CDATA[OpenQA.Selenium.WebDriverTimeoutException : Timed out after 5 seconds
  ----> OpenQA.Selenium.NoSuchElementException : no such element: Unable to locate element: {"method":"xpath","selector":"//td[contains(text(),'ДнепрОблЭнерго')]/..//td[3]/a"}
  (Session info: chrome=74.0.3729.131)
  (Driver info: chromedriver=74.0.3729.6 (255758eccf3d244491b8a1317aa76e1ce10d57e9-refs/branch-heads/3729@{#29}),platform=Windows NT 10.0.17134 x86_64)]]></message>
            <stack-trace><![CDATA[   в OpenQA.Selenium.Support.UI.DefaultWait`1.ThrowTimeoutException(String exceptionMessage, Exception lastException)
   в OpenQA.Selenium.Support.UI.DefaultWait`1.Until[TResult](Func`2 condition)
   в EasyPayLibrary.DriverWrapper.GetByXpath(String xpath, Int32 timeoutInSeconds) в E:\Users\MYCOM\EasyPayLibrary\EasyPayLibrary\Wrappers\DriverWrapper.cs:строка 45
   в EasyPayLibrary.Changes.ConnectedUtilitiesForm.Disconect() в E:\Users\MYCOM\EasyPayLibrary\EasyPayLibrary\UserSidebar\ConnectedUtilities\ConnectedUtilitiesForm.cs:строка 49
   в EasyPayTests.User.DisconnectUtilities() в E:\Users\MYCOM\EasyPayLibrary\EasyPayTests\User.cs:строка 130
--NoSuchElementException
   в OpenQA.Selenium.Remote.RemoteWebDriver.UnpackAndThrowOnError(Response errorResponse)
   в OpenQA.Selenium.Remote.RemoteWebDriver.Execute(String driverCommandToExecute, Dictionary`2 parameters)
   в OpenQA.Selenium.Remote.RemoteWebDriver.FindElement(String mechanism, String value)
   в OpenQA.Selenium.Support.UI.ExpectedConditions.<>c__DisplayClass7_0.<ElementIsVisible>b__0(IWebDriver driver)
   в OpenQA.Selenium.Support.UI.DefaultWait`1.Until[TResult](Func`2 condition)]]></stack-trace>
          </failure>
        </test-case>
        <test-case id="0-1045" name="IsNameChanging" fullname="EasyPayTests.User.IsNameChanging" methodname="IsNameChanging" classname="EasyPayTests.User" runstate="Runnable" seed="406078997" result="Passed" start-time="2019-05-14 14:52:19Z" end-time="2019-05-14 14:52:27Z" duration="7.922859" asserts="2" />
        <test-case id="0-1052" name="ListOfInspectorsNotEmpty" fullname="EasyPayTests.User.ListOfInspectorsNotEmpty" methodname="ListOfInspectorsNotEmpty" classname="EasyPayTests.User" runstate="Runnable" seed="103975378" result="Passed" start-time="2019-05-14 14:52:27Z" end-time="2019-05-14 14:52:38Z" duration="10.708846" asserts="1" />
        <test-case id="0-1053" name="ListOfUtilitiesNotEmpty" fullname="EasyPayTests.User.ListOfUtilitiesNotEmpty" methodname="ListOfUtilitiesNotEmpty" classname="EasyPayTests.User" runstate="Runnable" seed="910956680" result="Passed" start-time="2019-05-14 14:52:38Z" end-time="2019-05-14 14:52:50Z" duration="11.407825" asserts="1" />
        <test-case id="0-1043" name="PersonalCabinetAccess" fullname="EasyPayTests.User.PersonalCabinetAccess" methodname="PersonalCabinetAccess" classname="EasyPayTests.User" runstate="Runnable" seed="185437286" result="Passed" start-time="2019-05-14 14:52:50Z" end-time="2019-05-14 14:52:57Z" duration="7.763335" asserts="3" />
        <test-case id="0-1044" name="PersonalInfoMatch" fullname="EasyPayTests.User.PersonalInfoMatch" methodname="PersonalInfoMatch" classname="EasyPayTests.User" runstate="Runnable" seed="2047693829" result="Passed" start-time="2019-05-14 14:52:57Z" end-time="2019-05-14 14:53:05Z" duration="7.302015" asserts="3" />
        <test-case id="0-1048" name="RateInspectors" fullname="EasyPayTests.User.RateInspectors" methodname="RateInspectors" classname="EasyPayTests.User" runstate="Runnable" seed="1603709079" result="Passed" start-time="2019-05-14 14:53:05Z" end-time="2019-05-14 14:53:11Z" duration="6.283798" asserts="1" />
        <test-case id="0-1041" name="ScheduleNotAvailable" fullname="EasyPayTests.User.ScheduleNotAvailable" methodname="ScheduleNotAvailable" classname="EasyPayTests.User" runstate="Runnable" seed="723013690" result="Passed" start-time="2019-05-14 14:53:11Z" end-time="2019-05-14 14:53:17Z" duration="5.749556" asserts="5" />
        <test-case id="0-1049" name="SelectAddresseOnPaymentsHistory" fullname="EasyPayTests.User.SelectAddresseOnPaymentsHistory" methodname="SelectAddresseOnPaymentsHistory" classname="EasyPayTests.User" runstate="Runnable" seed="591773291" result="Passed" start-time="2019-05-14 14:53:17Z" end-time="2019-05-14 14:53:23Z" duration="6.791673" asserts="1" />
        <test-case id="0-1047" name="SelectAddresseUtilities" fullname="EasyPayTests.User.SelectAddresseUtilities" methodname="SelectAddresseUtilities" classname="EasyPayTests.User" runstate="Runnable" seed="1582931431" result="Passed" start-time="2019-05-14 14:53:23Z" end-time="2019-05-14 14:53:30Z" duration="6.630534" asserts="1" />
        <test-case id="0-1042" name="UserIsAbleToLogin" fullname="EasyPayTests.User.UserIsAbleToLogin" methodname="UserIsAbleToLogin" classname="EasyPayTests.User" runstate="Runnable" seed="214183179" result="Passed" start-time="2019-05-14 14:53:30Z" end-time="2019-05-14 14:53:36Z" duration="5.869865" asserts="1" />
      </test-suite>
    </test-suite>
  </test-suite>
</test-run>