<?xml version="1.0" encoding="utf-8" standalone="no"?>
<test-run id="2" testcasecount="53" result="Failed" total="6" passed="0" failed="6" inconclusive="0" skipped="0" asserts="2" engine-version="3.10.0.0" clr-version="4.0.30319.42000" start-time="2019-05-14 14:38:50Z" end-time="2019-05-14 14:39:21Z" duration="30.968093">
  <command-line><![CDATA[nunit3-console  E:\Users\MYCOM\EasyPayLibrary\EasyPayTests\bin\Debug\EasyPayTests.dll --params:browser="Chrome" --where "class==EasyPayTests.CriticalTests" --result:E:\Users\MYCOM\EasyPayLibrary\EasyPayTests\Test_Execution_Reports\EasyPayTests.CriticalTests\\result.xml]]></command-line>
  <filter>
    <class>EasyPayTests.CriticalTests</class>
  </filter>
  <test-suite type="Assembly" id="0-1061" name="EasyPayTests.dll" fullname="EasyPayTests.dll" runstate="Runnable" testcasecount="53" result="Failed" site="Child" start-time="2019-05-14 14:38:51Z" end-time="2019-05-14 14:39:21Z" duration="30.346413" total="6" passed="0" failed="6" warnings="0" inconclusive="0" skipped="0" asserts="2">
    <environment framework-version="3.11.0.0" clr-version="4.0.30319.42000" os-version="Microsoft Windows NT 10.0.17134.0" platform="Win32NT" cwd="E:\Users\MYCOM\EasyPayLibrary\packages\NUnit.ConsoleRunner.3.10.0\tools" machine-name="DESKTOP-NR6BQM8" user="MYCOMP" user-domain="DESKTOP-NR6BQM8" culture="ru-UA" uiculture="ru-RU" os-architecture="x64" />
    <settings>
      <setting name="DisposeRunners" value="True" />
      <setting name="WorkDirectory" value="E:\Users\MYCOM\EasyPayLibrary\packages\NUnit.ConsoleRunner.3.10.0\tools" />
      <setting name="TestParametersDictionary" value="[browser, Chrome]">
        <item key="browser" value="Chrome" />
      </setting>
      <setting name="TestParameters" value="browser=Chrome" />
      <setting name="ImageRuntimeVersion" value="4.0.30319" />
      <setting name="ImageTargetFrameworkName" value=".NETFramework,Version=v4.6.1" />
      <setting name="ImageRequiresX86" value="False" />
      <setting name="ImageRequiresDefaultAppDomainAssemblyResolver" value="False" />
      <setting name="NumberOfTestWorkers" value="4" />
    </settings>
    <properties>
      <property name="_PID" value="6392" />
      <property name="_APPDOMAIN" value="domain-" />
    </properties>
    <failure>
      <message><![CDATA[One or more child tests had errors]]></message>
    </failure>
    <test-suite type="TestSuite" id="0-1062" name="EasyPayTests" fullname="EasyPayTests" runstate="Runnable" testcasecount="53" result="Failed" site="Child" start-time="2019-05-14 14:38:51Z" end-time="2019-05-14 14:39:21Z" duration="30.325914" total="6" passed="0" failed="6" warnings="0" inconclusive="0" skipped="0" asserts="2">
      <failure>
        <message><![CDATA[One or more child tests had errors]]></message>
      </failure>
      <test-suite type="TestFixture" id="0-1008" name="CriticalTests" fullname="EasyPayTests.CriticalTests" classname="EasyPayTests.CriticalTests" runstate="Runnable" testcasecount="6" result="Failed" site="Child" start-time="2019-05-14 14:38:51Z" end-time="2019-05-14 14:39:21Z" duration="30.322975" total="6" passed="0" failed="6" warnings="0" inconclusive="0" skipped="0" asserts="2">
        <properties>
          <property name="ParallelScope" value="Self, Fixtures" />
        </properties>
        <failure>
          <message><![CDATA[One or more child tests had errors]]></message>
        </failure>
        <test-case id="0-1010" name="AddAddresses" fullname="EasyPayTests.CriticalTests.AddAddresses" methodname="AddAddresses" classname="EasyPayTests.CriticalTests" runstate="Runnable" seed="827968728" result="Failed" start-time="2019-05-14 14:38:51Z" end-time="2019-05-14 14:39:01Z" duration="9.757678" asserts="1">
          <failure>
            <message><![CDATA[  Address is not added
  Expected: null
  But was:  "Login Failed
HTTP Status 500 – Internal Server Error
Type Exception Report
Message Request processing failed; nested exception is javax.validation.ValidationException: HV000032: Unable to initialize org.hibernate.validator.internal.constraintvalidators.bv.PatternValidator.
Description The server encountered an unexpected condition that prevented it from fulfilling the request.
Exception
org.springframework.web.util.NestedServletException: Request processing failed; nested exception is javax.validation.ValidationException: HV000032: Unable to initialize org.hibernate.validator.internal.constraintvalidators.bv.PatternValidator.
 org.springframework.web.servlet.FrameworkServlet.processRequest(FrameworkServlet.java:982)
 org.springframework.web.servlet.FrameworkServlet.doPost(FrameworkServlet.java:877)
 javax.servlet.http.HttpServlet.service(HttpServlet.java:660)
 org.springframework.web.servlet.FrameworkServlet.service(FrameworkServlet.java:851)
 javax.servlet.http.HttpServlet.service(HttpServlet.java:741)
 org.apache.tomcat.websocket.server.WsFilter.doFilter(WsFilter.java:53)
 org.springframework.security.web.FilterChainProxy$VirtualFilterChain.doFilter(FilterChainProxy.java:320)
 org.springframework.security.web.access.intercept.FilterSecurityInterceptor.invoke(FilterSecurityInterceptor.java:127)
 org.springframework.security.web.access.intercept.FilterSecurityInterceptor.doFilter(FilterSecurityInterceptor.java:91)
 org.springframework.security.web.FilterChainProxy$VirtualFilterChain.doFilter(FilterChainProxy.java:334)
 org.springframework.security.web.access.ExceptionTranslationFilter.doFilter(ExceptionTranslationFilter.java:119)
 org.springframework.security.web.FilterChainProxy$VirtualFilterChain.doFilter(FilterChainProxy.java:334)
 org.springframework.security.web.session.SessionManagementFilter.doFilter(SessionManagementFilter.java:137)
 org.springframework.security.web.FilterChainProxy$VirtualFilterChain.doFilter(FilterChainProxy.java:334)
 org.springframework.security.web.authentication.AnonymousAuthenticationFilter.doFilter(AnonymousAuthenticationFilter.java:111)
 org.springframework.security.web.FilterChainProxy$VirtualFilterChain.doFilter(FilterChainProxy.java:334)
 org.springframework.security.web.servletapi.SecurityContextHolderAwareRequestFilter.doFilter(SecurityContextHolderAwareRequestFilter.java:170)
 org.springframework.security.web.FilterChainProxy$VirtualFilterChain.doFilter(FilterChainProxy.java:334)
 org.springframework.security.web.savedrequest.RequestCacheAwareFilter.doFilter(RequestCacheAwareFilter.java:63)
 org.springframework.security.web.FilterChainProxy$VirtualFilterChain.doFilter(FilterChainProxy.java:334)
 org.springframework.security.web.authentication.AbstractAuthenticationProcessingFilter.doFilter(AbstractAuthenticationProcessingFilter.java:200)
 org.springframework.security.web.FilterChainProxy$VirtualFilterChain.doFilter(FilterChainProxy.java:334)
 org.springframework.security.web.authentication.AbstractAuthenticationProcessingFilter.doFilter(AbstractAuthenticationProcessingFilter.java:200)
 org.springframework.security.web.FilterChainProxy$VirtualFilterChain.doFilter(FilterChainProxy.java:334)
 org.springframework.security.oauth2.client.web.OAuth2AuthorizationRequestRedirectFilter.doFilterInternal(OAuth2AuthorizationRequestRedirectFilter.java:128)
 org.springframework.web.filter.OncePerRequestFilter.doFilter(OncePerRequestFilter.java:107)
 org.springframework.security.web.FilterChainProxy$VirtualFilterChain.doFilter(FilterChainProxy.java:334)
 org.springframework.security.web.authentication.logout.LogoutFilter.doFilter(LogoutFilter.java:116)
 org.springframework.security.web.FilterChainProxy$VirtualFilterChain.doFilter(FilterChainProxy.java:334)
 org.springframework.security.web.header.HeaderWriterFilter.doFilterInternal(HeaderWriterFilter.java:66)
 org.springframework.web.filter.OncePerRequestFilter.doFilter(OncePerRequestFilter.java:107)
 org.springframework.security.web.FilterChainProxy$VirtualFilterChain.doFilter(FilterChainProxy.java:334)
 org.springframework.security.web.context.SecurityContextPersistenceFilter.doFilter(SecurityContextPersistenceFilter.java:105)
 org.springframework.security.web.FilterChainProxy$VirtualFilterChain.doFilter(FilterChainProxy.java:334)
 org.springframework.security.web.context.request.async.WebAsyncManagerIntegrationFilter.doFilterInternal(WebAsyncManagerIntegrationFilter.java:56)
 org.springframework.web.filter.OncePerRequestFilter.doFilter(OncePerRequestFilter.java:107)
 org.springframework.security.web.FilterChainProxy$VirtualFilterChain.doFilter(FilterChainProxy.java:334)
 org.springframework.security.web.FilterChainProxy.doFilterInternal(FilterChainProxy.java:215)
 org.springframework.security.web.FilterChainProxy.doFilter(FilterChainProxy.java:178)
 org.springframework.web.filter.DelegatingFilterProxy.invokeDelegate(DelegatingFilterProxy.java:357)
 org.springframework.web.filter.DelegatingFilterProxy.doFilter(DelegatingFilterProxy.java:270)"
]]></message>
            <stack-trace><![CDATA[   в EasyPayTests.CriticalTests.AddAddresses() в E:\Users\MYCOM\EasyPayLibrary\EasyPayTests\CriticalTests.cs:строка 37
]]></stack-trace>
          </failure>
          <assertions>
            <assertion result="Failed">
              <message><![CDATA[  Address is not added
  Expected: null
  But was:  "Login Failed
HTTP Status 500 – Internal Server Error
Type Exception Report
Message Request processing failed; nested exception is javax.validation.ValidationException: HV000032: Unable to initialize org.hibernate.validator.internal.constraintvalidators.bv.PatternValidator.
Description The server encountered an unexpected condition that prevented it from fulfilling the request.
Exception
org.springframework.web.util.NestedServletException: Request processing failed; nested exception is javax.validation.ValidationException: HV000032: Unable to initialize org.hibernate.validator.internal.constraintvalidators.bv.PatternValidator.
 org.springframework.web.servlet.FrameworkServlet.processRequest(FrameworkServlet.java:982)
 org.springframework.web.servlet.FrameworkServlet.doPost(FrameworkServlet.java:877)
 javax.servlet.http.HttpServlet.service(HttpServlet.java:660)
 org.springframework.web.servlet.FrameworkServlet.service(FrameworkServlet.java:851)
 javax.servlet.http.HttpServlet.service(HttpServlet.java:741)
 org.apache.tomcat.websocket.server.WsFilter.doFilter(WsFilter.java:53)
 org.springframework.security.web.FilterChainProxy$VirtualFilterChain.doFilter(FilterChainProxy.java:320)
 org.springframework.security.web.access.intercept.FilterSecurityInterceptor.invoke(FilterSecurityInterceptor.java:127)
 org.springframework.security.web.access.intercept.FilterSecurityInterceptor.doFilter(FilterSecurityInterceptor.java:91)
 org.springframework.security.web.FilterChainProxy$VirtualFilterChain.doFilter(FilterChainProxy.java:334)
 org.springframework.security.web.access.ExceptionTranslationFilter.doFilter(ExceptionTranslationFilter.java:119)
 org.springframework.security.web.FilterChainProxy$VirtualFilterChain.doFilter(FilterChainProxy.java:334)
 org.springframework.security.web.session.SessionManagementFilter.doFilter(SessionManagementFilter.java:137)
 org.springframework.security.web.FilterChainProxy$VirtualFilterChain.doFilter(FilterChainProxy.java:334)
 org.springframework.security.web.authentication.AnonymousAuthenticationFilter.doFilter(AnonymousAuthenticationFilter.java:111)
 org.springframework.security.web.FilterChainProxy$VirtualFilterChain.doFilter(FilterChainProxy.java:334)
 org.springframework.security.web.servletapi.SecurityContextHolderAwareRequestFilter.doFilter(SecurityContextHolderAwareRequestFilter.java:170)
 org.springframework.security.web.FilterChainProxy$VirtualFilterChain.doFilter(FilterChainProxy.java:334)
 org.springframework.security.web.savedrequest.RequestCacheAwareFilter.doFilter(RequestCacheAwareFilter.java:63)
 org.springframework.security.web.FilterChainProxy$VirtualFilterChain.doFilter(FilterChainProxy.java:334)
 org.springframework.security.web.authentication.AbstractAuthenticationProcessingFilter.doFilter(AbstractAuthenticationProcessingFilter.java:200)
 org.springframework.security.web.FilterChainProxy$VirtualFilterChain.doFilter(FilterChainProxy.java:334)
 org.springframework.security.web.authentication.AbstractAuthenticationProcessingFilter.doFilter(AbstractAuthenticationProcessingFilter.java:200)
 org.springframework.security.web.FilterChainProxy$VirtualFilterChain.doFilter(FilterChainProxy.java:334)
 org.springframework.security.oauth2.client.web.OAuth2AuthorizationRequestRedirectFilter.doFilterInternal(OAuth2AuthorizationRequestRedirectFilter.java:128)
 org.springframework.web.filter.OncePerRequestFilter.doFilter(OncePerRequestFilter.java:107)
 org.springframework.security.web.FilterChainProxy$VirtualFilterChain.doFilter(FilterChainProxy.java:334)
 org.springframework.security.web.authentication.logout.LogoutFilter.doFilter(LogoutFilter.java:116)
 org.springframework.security.web.FilterChainProxy$VirtualFilterChain.doFilter(FilterChainProxy.java:334)
 org.springframework.security.web.header.HeaderWriterFilter.doFilterInternal(HeaderWriterFilter.java:66)
 org.springframework.web.filter.OncePerRequestFilter.doFilter(OncePerRequestFilter.java:107)
 org.springframework.security.web.FilterChainProxy$VirtualFilterChain.doFilter(FilterChainProxy.java:334)
 org.springframework.security.web.context.SecurityContextPersistenceFilter.doFilter(SecurityContextPersistenceFilter.java:105)
 org.springframework.security.web.FilterChainProxy$VirtualFilterChain.doFilter(FilterChainProxy.java:334)
 org.springframework.security.web.context.request.async.WebAsyncManagerIntegrationFilter.doFilterInternal(WebAsyncManagerIntegrationFilter.java:56)
 org.springframework.web.filter.OncePerRequestFilter.doFilter(OncePerRequestFilter.java:107)
 org.springframework.security.web.FilterChainProxy$VirtualFilterChain.doFilter(FilterChainProxy.java:334)
 org.springframework.security.web.FilterChainProxy.doFilterInternal(FilterChainProxy.java:215)
 org.springframework.security.web.FilterChainProxy.doFilter(FilterChainProxy.java:178)
 org.springframework.web.filter.DelegatingFilterProxy.invokeDelegate(DelegatingFilterProxy.java:357)
 org.springframework.web.filter.DelegatingFilterProxy.doFilter(DelegatingFilterProxy.java:270)"
]]></message>
              <stack-trace><![CDATA[   в EasyPayTests.CriticalTests.AddAddresses() в E:\Users\MYCOM\EasyPayLibrary\EasyPayTests\CriticalTests.cs:строка 37
]]></stack-trace>
            </assertion>
          </assertions>
        </test-case>
        <test-case id="0-1011" name="CallInspectorForConcreteDate" fullname="EasyPayTests.CriticalTests.CallInspectorForConcreteDate" methodname="CallInspectorForConcreteDate" classname="EasyPayTests.CriticalTests" runstate="Runnable" seed="777731993" result="Failed" start-time="2019-05-14 14:39:01Z" end-time="2019-05-14 14:39:18Z" duration="16.970521" asserts="1">
          <failure>
            <message><![CDATA[  No address match
  Expected: not null
  But was:  null
]]></message>
            <stack-trace><![CDATA[   в EasyPayTests.CriticalTests.CallInspectorForConcreteDate() в E:\Users\MYCOM\EasyPayLibrary\EasyPayTests\CriticalTests.cs:строка 52
]]></stack-trace>
          </failure>
          <assertions>
            <assertion result="Failed">
              <message><![CDATA[  No address match
  Expected: not null
  But was:  null
]]></message>
              <stack-trace><![CDATA[   в EasyPayTests.CriticalTests.CallInspectorForConcreteDate() в E:\Users\MYCOM\EasyPayLibrary\EasyPayTests\CriticalTests.cs:строка 52
]]></stack-trace>
            </assertion>
          </assertions>
        </test-case>
        <test-case id="0-1012" name="IsPersonalInfoTranslationIsCorrect" fullname="EasyPayTests.CriticalTests.IsPersonalInfoTranslationIsCorrect" methodname="IsPersonalInfoTranslationIsCorrect" classname="EasyPayTests.CriticalTests" runstate="Runnable" seed="877698965" result="Failed" label="Error" start-time="2019-05-14 14:39:18Z" end-time="2019-05-14 14:39:18Z" duration="0.006751" asserts="0">
          <failure>
            <message><![CDATA[System.IO.FileNotFoundException : Файл 'E:\Users\MYCOM\EasyPayLibrary\EasyPayTests\Test_Execution_Reports\EasyPayTests.CriticalTests\Report.xml' не найден.
TearDown : System.NullReferenceException : Ссылка на объект не указывает на экземпляр объекта.]]></message>
            <stack-trace><![CDATA[   в SeleniumExtentReportTest.SeleniumExtentReport.BeforeTest() в E:\Users\MYCOM\EasyPayLibrary\SeleniumExtentReport\SeleniumExtentReport.cs:строка 88
   в EasyPayTests.BaseTest.PreCondition() в E:\Users\MYCOM\EasyPayLibrary\EasyPayTests\BaseTest.cs:строка 28
--TearDown
   в SeleniumExtentReportTest.SeleniumExtentReport.AfterTest(DriverWrapper driver) в E:\Users\MYCOM\EasyPayLibrary\SeleniumExtentReport\SeleniumExtentReport.cs:строка 116
   в EasyPayTests.BaseTest.PostCondition() в E:\Users\MYCOM\EasyPayLibrary\EasyPayTests\BaseTest.cs:строка 42]]></stack-trace>
          </failure>
        </test-case>
        <test-case id="0-1013" name="NameCanContainUALetters" fullname="EasyPayTests.CriticalTests.NameCanContainUALetters" methodname="NameCanContainUALetters" classname="EasyPayTests.CriticalTests" runstate="Runnable" seed="637552751" result="Failed" label="Error" start-time="2019-05-14 14:39:18Z" end-time="2019-05-14 14:39:18Z" duration="0.007482" asserts="0">
          <failure>
            <message><![CDATA[System.IO.FileNotFoundException : Файл 'E:\Users\MYCOM\EasyPayLibrary\EasyPayTests\Test_Execution_Reports\EasyPayTests.CriticalTests\Report.xml' не найден.
TearDown : System.NullReferenceException : Ссылка на объект не указывает на экземпляр объекта.]]></message>
            <stack-trace><![CDATA[   в SeleniumExtentReportTest.SeleniumExtentReport.BeforeTest() в E:\Users\MYCOM\EasyPayLibrary\SeleniumExtentReport\SeleniumExtentReport.cs:строка 88
   в EasyPayTests.BaseTest.PreCondition() в E:\Users\MYCOM\EasyPayLibrary\EasyPayTests\BaseTest.cs:строка 28
--TearDown
   в SeleniumExtentReportTest.SeleniumExtentReport.AfterTest(DriverWrapper driver) в E:\Users\MYCOM\EasyPayLibrary\SeleniumExtentReport\SeleniumExtentReport.cs:строка 116
   в EasyPayTests.BaseTest.PostCondition() в E:\Users\MYCOM\EasyPayLibrary\EasyPayTests\BaseTest.cs:строка 42]]></stack-trace>
          </failure>
        </test-case>
        <test-suite type="ParameterizedMethod" id="0-1015" name="PayAndCheckOneInPaymentHistory" fullname="EasyPayTests.CriticalTests.PayAndCheckOneInPaymentHistory" classname="EasyPayTests.CriticalTests" runstate="Runnable" testcasecount="1" result="Failed" site="Child" start-time="2019-05-14 14:39:18Z" end-time="2019-05-14 14:39:18Z" duration="0.006590" total="1" passed="0" failed="1" warnings="0" inconclusive="0" skipped="0" asserts="0">
          <failure>
            <message><![CDATA[One or more child tests had errors]]></message>
          </failure>
          <test-case id="0-1014" name="PayAndCheckOneInPaymentHistory(&quot;user1@gmail.com&quot;,12.4f,&quot;4242424242424242&quot;,&quot;012020&quot;,&quot;434&quot;,&quot;58004&quot;,&quot;Чернівецька область&quot;,&quot;Чернівці&quot;,&quot;вулиця Сковороди 43/65&quot;,&quot;Pat \&quot;Chernivtsihaz\&quot;&quot;)" fullname="EasyPayTests.CriticalTests.PayAndCheckOneInPaymentHistory(&quot;user1@gmail.com&quot;,12.4f,&quot;4242424242424242&quot;,&quot;012020&quot;,&quot;434&quot;,&quot;58004&quot;,&quot;Чернівецька область&quot;,&quot;Чернівці&quot;,&quot;вулиця Сковороди 43/65&quot;,&quot;Pat \&quot;Chernivtsihaz\&quot;&quot;)" methodname="PayAndCheckOneInPaymentHistory" classname="EasyPayTests.CriticalTests" runstate="Runnable" seed="1888497658" result="Failed" label="Error" start-time="2019-05-14 14:39:18Z" end-time="2019-05-14 14:39:18Z" duration="0.001393" asserts="0">
            <failure>
              <message><![CDATA[System.IO.FileNotFoundException : Файл 'E:\Users\MYCOM\EasyPayLibrary\EasyPayTests\Test_Execution_Reports\EasyPayTests.CriticalTests\Report.xml' не найден.
TearDown : System.NullReferenceException : Ссылка на объект не указывает на экземпляр объекта.]]></message>
              <stack-trace><![CDATA[   в SeleniumExtentReportTest.SeleniumExtentReport.BeforeTest() в E:\Users\MYCOM\EasyPayLibrary\SeleniumExtentReport\SeleniumExtentReport.cs:строка 88
   в EasyPayTests.BaseTest.PreCondition() в E:\Users\MYCOM\EasyPayLibrary\EasyPayTests\BaseTest.cs:строка 28
--TearDown
   в SeleniumExtentReportTest.SeleniumExtentReport.AfterTest(DriverWrapper driver) в E:\Users\MYCOM\EasyPayLibrary\SeleniumExtentReport\SeleniumExtentReport.cs:строка 116
   в EasyPayTests.BaseTest.PostCondition() в E:\Users\MYCOM\EasyPayLibrary\EasyPayTests\BaseTest.cs:строка 42]]></stack-trace>
            </failure>
          </test-case>
        </test-suite>
        <test-case id="0-1009" name="VerifyThatAdminCanEditManager" fullname="EasyPayTests.CriticalTests.VerifyThatAdminCanEditManager" methodname="VerifyThatAdminCanEditManager" classname="EasyPayTests.CriticalTests" runstate="Runnable" seed="1921331041" result="Failed" label="Error" start-time="2019-05-14 14:39:18Z" end-time="2019-05-14 14:39:18Z" duration="0.001438" asserts="0">
          <failure>
            <message><![CDATA[System.IO.FileNotFoundException : Файл 'E:\Users\MYCOM\EasyPayLibrary\EasyPayTests\Test_Execution_Reports\EasyPayTests.CriticalTests\Report.xml' не найден.
TearDown : System.NullReferenceException : Ссылка на объект не указывает на экземпляр объекта.]]></message>
            <stack-trace><![CDATA[   в SeleniumExtentReportTest.SeleniumExtentReport.BeforeTest() в E:\Users\MYCOM\EasyPayLibrary\SeleniumExtentReport\SeleniumExtentReport.cs:строка 88
   в EasyPayTests.BaseTest.PreCondition() в E:\Users\MYCOM\EasyPayLibrary\EasyPayTests\BaseTest.cs:строка 28
--TearDown
   в SeleniumExtentReportTest.SeleniumExtentReport.AfterTest(DriverWrapper driver) в E:\Users\MYCOM\EasyPayLibrary\SeleniumExtentReport\SeleniumExtentReport.cs:строка 116
   в EasyPayTests.BaseTest.PostCondition() в E:\Users\MYCOM\EasyPayLibrary\EasyPayTests\BaseTest.cs:строка 42]]></stack-trace>
          </failure>
        </test-case>
      </test-suite>
    </test-suite>
  </test-suite>
</test-run>